-------------------------------------------------------------------------------
Test set: cn.itsource.test.CourseTest
-------------------------------------------------------------------------------
Tests run: 5, Failures: 0, Errors: 5, Skipped: 0, Time elapsed: 8.182 s <<< FAILURE! - in cn.itsource.test.CourseTest
delete(cn.itsource.test.CourseTest)  Time elapsed: 0.001 s  <<< ERROR!
java.lang.IllegalStateException: Failed to load ApplicationContext
Caused by: org.springframework.beans.factory.UnsatisfiedDependencyException: Error creating bean with name 'esController': Unsatisfied dependency expressed through field 'repo'; nested exception is org.springframework.beans.factory.BeanCreationException: Error creating bean with name 'myElasticsearchRepository': Invocation of init method failed; nested exception is org.springframework.beans.BeanInstantiationException: Failed to instantiate [org.springframework.data.elasticsearch.repository.support.NumberKeyedRepository]: Constructor threw exception; nested exception is java.lang.IllegalArgumentException: mapper [tenantName] of different type, current_type [text], merged_type [keyword]
Caused by: org.springframework.beans.factory.BeanCreationException: Error creating bean with name 'myElasticsearchRepository': Invocation of init method failed; nested exception is org.springframework.beans.BeanInstantiationException: Failed to instantiate [org.springframework.data.elasticsearch.repository.support.NumberKeyedRepository]: Constructor threw exception; nested exception is java.lang.IllegalArgumentException: mapper [tenantName] of different type, current_type [text], merged_type [keyword]
Caused by: org.springframework.beans.BeanInstantiationException: Failed to instantiate [org.springframework.data.elasticsearch.repository.support.NumberKeyedRepository]: Constructor threw exception; nested exception is java.lang.IllegalArgumentException: mapper [tenantName] of different type, current_type [text], merged_type [keyword]
Caused by: java.lang.IllegalArgumentException: mapper [tenantName] of different type, current_type [text], merged_type [keyword]

insert(cn.itsource.test.CourseTest)  Time elapsed: 0 s  <<< ERROR!
java.lang.IllegalStateException: Failed to load ApplicationContext
Caused by: org.springframework.beans.factory.UnsatisfiedDependencyException: Error creating bean with name 'esController': Unsatisfied dependency expressed through field 'repo'; nested exception is org.springframework.beans.factory.BeanCreationException: Error creating bean with name 'myElasticsearchRepository': Invocation of init method failed; nested exception is org.springframework.beans.BeanInstantiationException: Failed to instantiate [org.springframework.data.elasticsearch.repository.support.NumberKeyedRepository]: Constructor threw exception; nested exception is java.lang.IllegalArgumentException: mapper [tenantName] of different type, current_type [text], merged_type [keyword]
Caused by: org.springframework.beans.factory.BeanCreationException: Error creating bean with name 'myElasticsearchRepository': Invocation of init method failed; nested exception is org.springframework.beans.BeanInstantiationException: Failed to instantiate [org.springframework.data.elasticsearch.repository.support.NumberKeyedRepository]: Constructor threw exception; nested exception is java.lang.IllegalArgumentException: mapper [tenantName] of different type, current_type [text], merged_type [keyword]
Caused by: org.springframework.beans.BeanInstantiationException: Failed to instantiate [org.springframework.data.elasticsearch.repository.support.NumberKeyedRepository]: Constructor threw exception; nested exception is java.lang.IllegalArgumentException: mapper [tenantName] of different type, current_type [text], merged_type [keyword]
Caused by: java.lang.IllegalArgumentException: mapper [tenantName] of different type, current_type [text], merged_type [keyword]

update(cn.itsource.test.CourseTest)  Time elapsed: 0 s  <<< ERROR!
java.lang.IllegalStateException: Failed to load ApplicationContext
Caused by: org.springframework.beans.factory.UnsatisfiedDependencyException: Error creating bean with name 'esController': Unsatisfied dependency expressed through field 'repo'; nested exception is org.springframework.beans.factory.BeanCreationException: Error creating bean with name 'myElasticsearchRepository': Invocation of init method failed; nested exception is org.springframework.beans.BeanInstantiationException: Failed to instantiate [org.springframework.data.elasticsearch.repository.support.NumberKeyedRepository]: Constructor threw exception; nested exception is java.lang.IllegalArgumentException: mapper [tenantName] of different type, current_type [text], merged_type [keyword]
Caused by: org.springframework.beans.factory.BeanCreationException: Error creating bean with name 'myElasticsearchRepository': Invocation of init method failed; nested exception is org.springframework.beans.BeanInstantiationException: Failed to instantiate [org.springframework.data.elasticsearch.repository.support.NumberKeyedRepository]: Constructor threw exception; nested exception is java.lang.IllegalArgumentException: mapper [tenantName] of different type, current_type [text], merged_type [keyword]
Caused by: org.springframework.beans.BeanInstantiationException: Failed to instantiate [org.springframework.data.elasticsearch.repository.support.NumberKeyedRepository]: Constructor threw exception; nested exception is java.lang.IllegalArgumentException: mapper [tenantName] of different type, current_type [text], merged_type [keyword]
Caused by: java.lang.IllegalArgumentException: mapper [tenantName] of different type, current_type [text], merged_type [keyword]

createIndex(cn.itsource.test.CourseTest)  Time elapsed: 0 s  <<< ERROR!
java.lang.IllegalStateException: Failed to load ApplicationContext
Caused by: org.springframework.beans.factory.UnsatisfiedDependencyException: Error creating bean with name 'esController': Unsatisfied dependency expressed through field 'repo'; nested exception is org.springframework.beans.factory.BeanCreationException: Error creating bean with name 'myElasticsearchRepository': Invocation of init method failed; nested exception is org.springframework.beans.BeanInstantiationException: Failed to instantiate [org.springframework.data.elasticsearch.repository.support.NumberKeyedRepository]: Constructor threw exception; nested exception is java.lang.IllegalArgumentException: mapper [tenantName] of different type, current_type [text], merged_type [keyword]
Caused by: org.springframework.beans.factory.BeanCreationException: Error creating bean with name 'myElasticsearchRepository': Invocation of init method failed; nested exception is org.springframework.beans.BeanInstantiationException: Failed to instantiate [org.springframework.data.elasticsearch.repository.support.NumberKeyedRepository]: Constructor threw exception; nested exception is java.lang.IllegalArgumentException: mapper [tenantName] of different type, current_type [text], merged_type [keyword]
Caused by: org.springframework.beans.BeanInstantiationException: Failed to instantiate [org.springframework.data.elasticsearch.repository.support.NumberKeyedRepository]: Constructor threw exception; nested exception is java.lang.IllegalArgumentException: mapper [tenantName] of different type, current_type [text], merged_type [keyword]
Caused by: java.lang.IllegalArgumentException: mapper [tenantName] of different type, current_type [text], merged_type [keyword]

query(cn.itsource.test.CourseTest)  Time elapsed: 0 s  <<< ERROR!
java.lang.IllegalStateException: Failed to load ApplicationContext
Caused by: org.springframework.beans.factory.UnsatisfiedDependencyException: Error creating bean with name 'esController': Unsatisfied dependency expressed through field 'repo'; nested exception is org.springframework.beans.factory.BeanCreationException: Error creating bean with name 'myElasticsearchRepository': Invocation of init method failed; nested exception is org.springframework.beans.BeanInstantiationException: Failed to instantiate [org.springframework.data.elasticsearch.repository.support.NumberKeyedRepository]: Constructor threw exception; nested exception is java.lang.IllegalArgumentException: mapper [tenantName] of different type, current_type [text], merged_type [keyword]
Caused by: org.springframework.beans.factory.BeanCreationException: Error creating bean with name 'myElasticsearchRepository': Invocation of init method failed; nested exception is org.springframework.beans.BeanInstantiationException: Failed to instantiate [org.springframework.data.elasticsearch.repository.support.NumberKeyedRepository]: Constructor threw exception; nested exception is java.lang.IllegalArgumentException: mapper [tenantName] of different type, current_type [text], merged_type [keyword]
Caused by: org.springframework.beans.BeanInstantiationException: Failed to instantiate [org.springframework.data.elasticsearch.repository.support.NumberKeyedRepository]: Constructor threw exception; nested exception is java.lang.IllegalArgumentException: mapper [tenantName] of different type, current_type [text], merged_type [keyword]
Caused by: java.lang.IllegalArgumentException: mapper [tenantName] of different type, current_type [text], merged_type [keyword]

